DEBUG:root:[1, 1]
DEBUG:root:Operator: +
DEBUG:root:[2, 2]
DEBUG:root:Operator: +
DEBUG:root:Current stack: [1, 4]
DEBUG:root:Operator: +
DEBUG:root:Current stack: [44]
DEBUG:root:Operator: +
DEBUG:root:Current stack: [23, 23]
DEBUG:root:Operator: +
DEBUG:root:Current stack: [32, 33]
DEBUG:root:Operator: +
DEBUG:root:Current stack: [2, 234]
DEBUG:root:Operator: +
DEBUG:root:Current stack: [236, 324]
DEBUG:root:Operator: +
DEBUG:root:Current stack: [560, 423]
DEBUG:root:Operator: +
DEBUG:root:Current stack: [1, 3]
DEBUG:root:Operator: -
DEBUG:root:Current stack: [3, 1]
DEBUG:root:Operator: -
DEBUG:root:Current stack: [1, 3]
DEBUG:root:Operator: +
DEBUG:root:Current stack: [4, 1]
DEBUG:root:Operator: -
DEBUG:root:Current stack: [1, 1]
DEBUG:root:Operator: +
DEBUG:root:Current stack: [1]
DEBUG:root:Operator: +
DEBUG:root:Current stack: [1, 1]
DEBUG:root:Operator: _
DEBUG:root:Current stack: [1, 1]
DEBUG:root:Operator: +
DEBUG:root:Current stack: [1, 3]
DEBUG:root:Operator: +
DEBUG:root:Current stack: [3, 1]
DEBUG:root:Operator: -
DEBUG:root:Current stack: [1, 3]
DEBUG:root:Operator: -
DEBUG:root:Current stack: [2, 1]
DEBUG:root:Operator: -
DEBUG:root:Current stack: [3223233]
DEBUG:root:Operator: -
DEBUG:root:Current stack: [112312, 1]
DEBUG:root:Operator: -
